{"/home/hhlwt/frontend-project-lvl2/src/index.js": {"path":"/home/hhlwt/frontend-project-lvl2/src/index.js","all":false,"statementMap":{"0":{"start":{"line":1,"column":0},"end":{"line":1,"column":20}},"1":{"start":{"line":2,"column":0},"end":{"line":2,"column":23}},"2":{"start":{"line":3,"column":0},"end":{"line":3,"column":0}},"3":{"start":{"line":4,"column":0},"end":{"line":4,"column":37}},"4":{"start":{"line":5,"column":0},"end":{"line":5,"column":54}},"5":{"start":{"line":6,"column":0},"end":{"line":6,"column":42}},"6":{"start":{"line":7,"column":0},"end":{"line":7,"column":20}},"7":{"start":{"line":8,"column":0},"end":{"line":8,"column":2}},"8":{"start":{"line":9,"column":0},"end":{"line":9,"column":0}},"9":{"start":{"line":10,"column":0},"end":{"line":10,"column":42}},"10":{"start":{"line":11,"column":0},"end":{"line":11,"column":40}},"11":{"start":{"line":12,"column":0},"end":{"line":12,"column":40}},"12":{"start":{"line":13,"column":0},"end":{"line":13,"column":54}},"13":{"start":{"line":14,"column":0},"end":{"line":14,"column":56}},"14":{"start":{"line":15,"column":0},"end":{"line":15,"column":54}},"15":{"start":{"line":16,"column":0},"end":{"line":16,"column":48}},"16":{"start":{"line":17,"column":0},"end":{"line":17,"column":37}},"17":{"start":{"line":18,"column":0},"end":{"line":18,"column":5}},"18":{"start":{"line":19,"column":0},"end":{"line":19,"column":48}},"19":{"start":{"line":20,"column":0},"end":{"line":20,"column":37}},"20":{"start":{"line":21,"column":0},"end":{"line":21,"column":5}},"21":{"start":{"line":22,"column":0},"end":{"line":22,"column":47}},"22":{"start":{"line":23,"column":0},"end":{"line":23,"column":36}},"23":{"start":{"line":24,"column":0},"end":{"line":24,"column":39}},"24":{"start":{"line":25,"column":0},"end":{"line":25,"column":7}},"25":{"start":{"line":26,"column":0},"end":{"line":26,"column":36}},"26":{"start":{"line":27,"column":0},"end":{"line":27,"column":39}},"27":{"start":{"line":28,"column":0},"end":{"line":28,"column":39}},"28":{"start":{"line":29,"column":0},"end":{"line":29,"column":7}},"29":{"start":{"line":30,"column":0},"end":{"line":30,"column":5}},"30":{"start":{"line":31,"column":0},"end":{"line":31,"column":18}},"31":{"start":{"line":32,"column":0},"end":{"line":32,"column":9}},"32":{"start":{"line":33,"column":0},"end":{"line":33,"column":69}},"33":{"start":{"line":34,"column":0},"end":{"line":34,"column":63}},"34":{"start":{"line":35,"column":0},"end":{"line":35,"column":18}},"35":{"start":{"line":36,"column":0},"end":{"line":36,"column":15}},"36":{"start":{"line":37,"column":0},"end":{"line":37,"column":0}},"37":{"start":{"line":38,"column":0},"end":{"line":38,"column":22}},"38":{"start":{"line":39,"column":0},"end":{"line":39,"column":2}}},"s":{"0":1,"1":1,"2":1,"3":1,"4":2,"5":2,"6":2,"7":2,"8":1,"9":1,"10":1,"11":1,"12":1,"13":1,"14":1,"15":5,"16":2,"17":2,"18":5,"19":1,"20":1,"21":5,"22":2,"23":1,"24":1,"25":2,"26":1,"27":1,"28":1,"29":2,"30":5,"31":1,"32":1,"33":6,"34":6,"35":1,"36":1,"37":1,"38":1},"branchMap":{"0":{"type":"branch","line":4,"loc":{"start":{"line":4,"column":23},"end":{"line":8,"column":2}},"locations":[{"start":{"line":4,"column":23},"end":{"line":8,"column":2}}]},"1":{"type":"branch","line":10,"loc":{"start":{"line":10,"column":15},"end":{"line":39,"column":2}},"locations":[{"start":{"line":10,"column":15},"end":{"line":39,"column":2}}]},"2":{"type":"branch","line":15,"loc":{"start":{"line":15,"column":36},"end":{"line":32,"column":5}},"locations":[{"start":{"line":15,"column":36},"end":{"line":32,"column":5}}]},"3":{"type":"branch","line":16,"loc":{"start":{"line":16,"column":8},"end":{"line":16,"column":30}},"locations":[{"start":{"line":16,"column":8},"end":{"line":16,"column":30}}]},"4":{"type":"branch","line":16,"loc":{"start":{"line":16,"column":47},"end":{"line":18,"column":5}},"locations":[{"start":{"line":16,"column":47},"end":{"line":18,"column":5}}]},"5":{"type":"branch","line":19,"loc":{"start":{"line":19,"column":8},"end":{"line":19,"column":30}},"locations":[{"start":{"line":19,"column":8},"end":{"line":19,"column":30}}]},"6":{"type":"branch","line":19,"loc":{"start":{"line":19,"column":47},"end":{"line":21,"column":5}},"locations":[{"start":{"line":19,"column":47},"end":{"line":21,"column":5}}]},"7":{"type":"branch","line":22,"loc":{"start":{"line":22,"column":8},"end":{"line":22,"column":29}},"locations":[{"start":{"line":22,"column":8},"end":{"line":22,"column":29}}]},"8":{"type":"branch","line":22,"loc":{"start":{"line":22,"column":46},"end":{"line":30,"column":5}},"locations":[{"start":{"line":22,"column":46},"end":{"line":30,"column":5}}]},"9":{"type":"branch","line":23,"loc":{"start":{"line":23,"column":35},"end":{"line":25,"column":7}},"locations":[{"start":{"line":23,"column":35},"end":{"line":25,"column":7}}]},"10":{"type":"branch","line":26,"loc":{"start":{"line":26,"column":35},"end":{"line":29,"column":7}},"locations":[{"start":{"line":26,"column":35},"end":{"line":29,"column":7}}]},"11":{"type":"branch","line":33,"loc":{"start":{"line":33,"column":51},"end":{"line":36,"column":5}},"locations":[{"start":{"line":33,"column":51},"end":{"line":36,"column":5}}]}},"b":{"0":[2],"1":[1],"2":[5],"3":[4],"4":[2],"5":[1],"6":[1],"7":[4],"8":[2],"9":[1],"10":[1],"11":[6]},"fnMap":{"0":{"name":"parseJsonData","decl":{"start":{"line":4,"column":23},"end":{"line":8,"column":2}},"loc":{"start":{"line":4,"column":23},"end":{"line":8,"column":2}},"line":4},"1":{"name":"default","decl":{"start":{"line":10,"column":15},"end":{"line":39,"column":2}},"loc":{"start":{"line":10,"column":15},"end":{"line":39,"column":2}},"line":10}},"f":{"0":2,"1":1}}
}
