TN:
SF:src/index.js
FN:4,parseJsonData
FN:10,default
FNF:2
FNH:2
FNDA:2,parseJsonData
FNDA:1,default
DA:1,1
DA:2,1
DA:3,1
DA:4,1
DA:5,2
DA:6,2
DA:7,2
DA:8,2
DA:9,1
DA:10,1
DA:11,1
DA:12,1
DA:13,1
DA:14,1
DA:15,1
DA:16,5
DA:17,2
DA:18,2
DA:19,5
DA:20,1
DA:21,1
DA:22,5
DA:23,2
DA:24,1
DA:25,1
DA:26,2
DA:27,1
DA:28,1
DA:29,1
DA:30,2
DA:31,5
DA:32,1
DA:33,1
DA:34,6
DA:35,6
DA:36,1
DA:37,1
DA:38,1
DA:39,1
LF:39
LH:39
BRDA:4,0,0,2
BRDA:10,1,0,1
BRDA:15,2,0,5
BRDA:16,3,0,4
BRDA:16,4,0,2
BRDA:19,5,0,1
BRDA:19,6,0,1
BRDA:22,7,0,4
BRDA:22,8,0,2
BRDA:23,9,0,1
BRDA:26,10,0,1
BRDA:33,11,0,6
BRF:12
BRH:12
end_of_record
